<?xml version="1.0" encoding="UTF-8"?>
<!-- Generated by org.testng.reporters.JUnitXMLReporter -->
<testsuite ignored="6" hostname="DESKTOP-QE3LLPE" failures="0" tests="2" name="Test" time="7.585" errors="0" timestamp="2024-02-26T15:06:37 IST">
  <testcase classname="testng.TestNG_8_Groups" name="swiggy" time="1.736"/>
  <testcase classname="testng.TestNG_8_Groups" name="zomato" time="3.04"/>
  <testcase classname="testng.TestNG_8_Groups" name="google" time="0.0">
    <ignored/>
  </testcase> <!-- google -->
  <testcase classname="testng.TestNG_8_Groups" name="redmine" time="0.0">
    <ignored/>
  </testcase> <!-- redmine -->
  <testcase classname="testng.TestNG_8_Groups" name="gmail" time="0.0">
    <ignored/>
  </testcase> <!-- gmail -->
  <testcase classname="testng.TestNG_8_Groups" name="twitter" time="0.0">
    <ignored/>
  </testcase> <!-- twitter -->
  <testcase classname="testng.TestNG_8_Groups" name="selenium" time="0.0">
    <ignored/>
  </testcase> <!-- selenium -->
  <testcase classname="testng.TestNG_8_Groups" name="facebook" time="0.0">
    <ignored/>
  </testcase> <!-- facebook -->
</testsuite> <!-- Test -->
