<?xml version="1.0" encoding="UTF-8"?>
<testng-results ignored="0" total="1" passed="1" failed="0" skipped="0">
  <reporter-output>
  </reporter-output>
  <suite started-at="2024-03-05T18:39:07 IST" name="Default suite" finished-at="2024-03-05T18:39:17 IST" duration-ms="10181">
    <groups>
    </groups>
    <test started-at="2024-03-05T18:39:07 IST" name="Default test" finished-at="2024-03-05T18:39:17 IST" duration-ms="10181">
      <class name="log4j.log4j">
        <test-method signature="googlesearch()[pri:0, instance:log4j.log4j@a530d0a]" started-at="2024-03-05T18:39:07 IST" name="googlesearch" finished-at="2024-03-05T18:39:17 IST" duration-ms="10103" status="PASS">
          <reporter-output>
          </reporter-output>
        </test-method> <!-- googlesearch -->
      </class> <!-- log4j.log4j -->
    </test> <!-- Default test -->
  </suite> <!-- Default suite -->
</testng-results>
